<?xml version="1.0" encoding="UTF-8"?>
<testng-results skipped="0" failed="0" total="2" passed="2">
  <reporter-output>
  </reporter-output>
  <suite name="nop Commerce application test suite" duration-ms="44849" started-at="2020-10-03T20:17:48Z" finished-at="2020-10-03T20:18:33Z">
    <groups>
    </groups>
    <test name="nop Commerce application test cases" duration-ms="44849" started-at="2020-10-03T20:17:48Z" finished-at="2020-10-03T20:18:33Z">
      <class name="com.nopCommerce.qa.test.AddToWishListFunctionalityTest">
        <test-method status="PASS" signature="setUp()[pri:0, instance:com.nopCommerce.qa.test.AddToWishListFunctionalityTest@6ea12c19]" name="setUp" is-config="true" duration-ms="9979" started-at="2020-10-04T01:48:12Z" finished-at="2020-10-04T01:48:22Z">
          <reporter-output>
          </reporter-output>
        </test-method> <!-- setUp -->
        <test-method status="PASS" signature="validateAddToWishListFunctionalityTest()[pri:0, instance:com.nopCommerce.qa.test.AddToWishListFunctionalityTest@6ea12c19]" name="validateAddToWishListFunctionalityTest" duration-ms="9813" started-at="2020-10-04T01:48:22Z" finished-at="2020-10-04T01:48:32Z">
          <reporter-output>
          </reporter-output>
        </test-method> <!-- validateAddToWishListFunctionalityTest -->
        <test-method status="PASS" signature="tearDown()[pri:0, instance:com.nopCommerce.qa.test.AddToWishListFunctionalityTest@6ea12c19]" name="tearDown" is-config="true" duration-ms="934" started-at="2020-10-04T01:48:32Z" finished-at="2020-10-04T01:48:33Z">
          <reporter-output>
          </reporter-output>
        </test-method> <!-- tearDown -->
      </class> <!-- com.nopCommerce.qa.test.AddToWishListFunctionalityTest -->
      <class name="com.nopCommerce.qa.test.AddToCartFunctionalityTest">
        <test-method status="PASS" signature="setUp()[pri:0, instance:com.nopCommerce.qa.test.AddToCartFunctionalityTest@5afa04c]" name="setUp" is-config="true" duration-ms="10053" started-at="2020-10-04T01:47:48Z" finished-at="2020-10-04T01:47:58Z">
          <reporter-output>
          </reporter-output>
        </test-method> <!-- setUp -->
        <test-method status="PASS" signature="validateAddToCartFunctionalityTest()[pri:0, instance:com.nopCommerce.qa.test.AddToCartFunctionalityTest@5afa04c]" name="validateAddToCartFunctionalityTest" duration-ms="13393" started-at="2020-10-04T01:47:58Z" finished-at="2020-10-04T01:48:11Z">
          <reporter-output>
          </reporter-output>
        </test-method> <!-- validateAddToCartFunctionalityTest -->
        <test-method status="PASS" signature="tearDown()[pri:0, instance:com.nopCommerce.qa.test.AddToCartFunctionalityTest@5afa04c]" name="tearDown" is-config="true" duration-ms="663" started-at="2020-10-04T01:48:11Z" finished-at="2020-10-04T01:48:12Z">
          <reporter-output>
          </reporter-output>
        </test-method> <!-- tearDown -->
      </class> <!-- com.nopCommerce.qa.test.AddToCartFunctionalityTest -->
    </test> <!-- nop Commerce application test cases -->
  </suite> <!-- nop Commerce application test suite -->
</testng-results>
