<?xml version="1.0" encoding="UTF-8"?>
<testng-results skipped="0" failed="0" total="1" passed="1">
  <reporter-output>
  </reporter-output>
  <suite name="Default suite" duration-ms="19953" started-at="2020-10-03T20:16:19Z" finished-at="2020-10-03T20:16:39Z">
    <groups>
    </groups>
    <test name="Default test" duration-ms="19953" started-at="2020-10-03T20:16:19Z" finished-at="2020-10-03T20:16:39Z">
      <class name="com.nopCommerce.qa.test.AddToWishListFunctionalityTest">
        <test-method status="PASS" signature="setUp()[pri:0, instance:com.nopCommerce.qa.test.AddToWishListFunctionalityTest@6d4b1c02]" name="setUp" is-config="true" duration-ms="9595" started-at="2020-10-04T01:46:19Z" finished-at="2020-10-04T01:46:29Z">
          <reporter-output>
          </reporter-output>
        </test-method> <!-- setUp -->
        <test-method status="PASS" signature="validateAddToWishListFunctionalityTest()[pri:0, instance:com.nopCommerce.qa.test.AddToWishListFunctionalityTest@6d4b1c02]" name="validateAddToWishListFunctionalityTest" duration-ms="9537" started-at="2020-10-04T01:46:29Z" finished-at="2020-10-04T01:46:39Z">
          <reporter-output>
          </reporter-output>
        </test-method> <!-- validateAddToWishListFunctionalityTest -->
        <test-method status="PASS" signature="tearDown()[pri:0, instance:com.nopCommerce.qa.test.AddToWishListFunctionalityTest@6d4b1c02]" name="tearDown" is-config="true" duration-ms="801" started-at="2020-10-04T01:46:39Z" finished-at="2020-10-04T01:46:39Z">
          <reporter-output>
          </reporter-output>
        </test-method> <!-- tearDown -->
      </class> <!-- com.nopCommerce.qa.test.AddToWishListFunctionalityTest -->
    </test> <!-- Default test -->
  </suite> <!-- Default suite -->
</testng-results>
