<?xml version="1.0" encoding="UTF-8"?>
<!-- Generated by org.testng.reporters.JUnitXMLReporter -->
<testsuite hostname="AKSHAYKALLURWAR" name="nop Commerce application test cases" tests="2" failures="0" timestamp="3 Oct 2020 20:18:33 GMT" time="44.849" errors="0">
  <testcase name="validateAddToCartFunctionalityTest" time="13.393" classname="com.nopCommerce.qa.test.AddToCartFunctionalityTest"/>
  <testcase name="validateAddToWishListFunctionalityTest" time="9.813" classname="com.nopCommerce.qa.test.AddToWishListFunctionalityTest"/>
</testsuite> <!-- nop Commerce application test cases -->
